2023-04-25 14:00:32.556000+08:00 [notice] <0.227.0> Logging: configured log handlers are now ACTIVE
2023-04-25 14:00:33.129000+08:00 [info] <0.227.0> ra: starting system quorum_queues
2023-04-25 14:00:33.129000+08:00 [info] <0.227.0> starting Ra system: quorum_queues in directory: c:/Users/Administrator/AppData/Roaming/RabbitMQ/db/rabbit@ecs-1d22-mnesia/quorum/rabbit@ecs-1d22
2023-04-25 14:00:33.296000+08:00 [info] <0.264.0> ra system 'quorum_queues' running pre init for 0 registered servers
2023-04-25 14:00:33.312000+08:00 [info] <0.265.0> ra: meta data store initialised for system quorum_queues. 0 record(s) recovered
2023-04-25 14:00:33.343000+08:00 [notice] <0.270.0> WAL: ra_log_wal init, open tbls: ra_log_open_mem_tables, closed tbls: ra_log_closed_mem_tables
2023-04-25 14:00:33.359000+08:00 [info] <0.227.0> ra: starting system coordination
2023-04-25 14:00:33.359000+08:00 [info] <0.227.0> starting Ra system: coordination in directory: c:/Users/Administrator/AppData/Roaming/RabbitMQ/db/rabbit@ecs-1d22-mnesia/coordination/rabbit@ecs-1d22
2023-04-25 14:00:33.359000+08:00 [info] <0.277.0> ra system 'coordination' running pre init for 0 registered servers
2023-04-25 14:00:33.374000+08:00 [info] <0.278.0> ra: meta data store initialised for system coordination. 0 record(s) recovered
2023-04-25 14:00:33.374000+08:00 [notice] <0.283.0> WAL: ra_coordination_log_wal init, open tbls: ra_coordination_log_open_mem_tables, closed tbls: ra_coordination_log_closed_mem_tables
2023-04-25 14:00:33.374000+08:00 [info] <0.227.0> 
2023-04-25 14:00:33.374000+08:00 [info] <0.227.0>  Starting RabbitMQ 3.11.13 on Erlang 25.3 [jit]
2023-04-25 14:00:33.374000+08:00 [info] <0.227.0>  Copyright (c) 2007-2023 VMware, Inc. or its affiliates.
2023-04-25 14:00:33.374000+08:00 [info] <0.227.0>  Licensed under the MPL 2.0. Website: https://rabbitmq.com
2023-04-25 14:00:33.374000+08:00 [info] <0.227.0> 
2023-04-25 14:00:33.374000+08:00 [info] <0.227.0>  node           : rabbit@ecs-1d22
2023-04-25 14:00:33.374000+08:00 [info] <0.227.0>  home dir       : c:/Windows/system32/config/systemprofile
2023-04-25 14:00:33.374000+08:00 [info] <0.227.0>  config file(s) : c:/Users/Administrator/AppData/Roaming/RabbitMQ/advanced.config
2023-04-25 14:00:33.374000+08:00 [info] <0.227.0>  cookie hash    : Y1ORMvnQgYNbDXwwMPVdiQ==
2023-04-25 14:00:33.374000+08:00 [info] <0.227.0>  log(s)         : <stdout>
2023-04-25 14:00:33.374000+08:00 [info] <0.227.0>                 : c:/Users/Administrator/AppData/Roaming/RabbitMQ/log/rabbit@ecs-1d22.log
2023-04-25 14:00:33.374000+08:00 [info] <0.227.0>                 : c:/Users/Administrator/AppData/Roaming/RabbitMQ/log/rabbit@ecs-1d22_upgrade.log
2023-04-25 14:00:33.374000+08:00 [info] <0.227.0>  database dir   : c:/Users/Administrator/AppData/Roaming/RabbitMQ/db/rabbit@ecs-1d22-mnesia
2023-04-25 14:00:43.036000+08:00 [info] <0.227.0> Running boot step pre_boot defined by app rabbit
2023-04-25 14:00:43.036000+08:00 [info] <0.227.0> Running boot step rabbit_global_counters defined by app rabbit
2023-04-25 14:00:43.036000+08:00 [info] <0.227.0> Running boot step rabbit_osiris_metrics defined by app rabbit
2023-04-25 14:00:43.036000+08:00 [info] <0.227.0> Running boot step rabbit_core_metrics defined by app rabbit
2023-04-25 14:00:43.036000+08:00 [info] <0.227.0> Running boot step rabbit_alarm defined by app rabbit
2023-04-25 14:00:43.036000+08:00 [info] <0.298.0> Memory high watermark set to 13106 MiB (13743523430 bytes) of 32767 MiB (34358808576 bytes) total
2023-04-25 14:00:43.036000+08:00 [info] <0.300.0> Enabling free disk space monitoring (disk free space: 7015546880, total memory: 34358808576)
2023-04-25 14:00:43.036000+08:00 [info] <0.300.0> Disk free limit set to 50MB
2023-04-25 14:00:43.036000+08:00 [info] <0.227.0> Running boot step code_server_cache defined by app rabbit
2023-04-25 14:00:43.036000+08:00 [info] <0.227.0> Running boot step file_handle_cache defined by app rabbit
2023-04-25 14:00:43.036000+08:00 [info] <0.303.0> Limiting to approx 65439 file handles (58893 sockets)
2023-04-25 14:00:43.036000+08:00 [info] <0.304.0> FHC read buffering: OFF
2023-04-25 14:00:43.036000+08:00 [info] <0.304.0> FHC write buffering: ON
2023-04-25 14:00:43.052000+08:00 [info] <0.227.0> Running boot step worker_pool defined by app rabbit
2023-04-25 14:00:43.052000+08:00 [info] <0.285.0> Will use 16 processes for default worker pool
2023-04-25 14:00:43.052000+08:00 [info] <0.285.0> Starting worker pool 'worker_pool' with 16 processes in it
2023-04-25 14:00:43.052000+08:00 [info] <0.227.0> Running boot step database defined by app rabbit
2023-04-25 14:00:43.052000+08:00 [info] <0.227.0> Node database directory at c:/Users/Administrator/AppData/Roaming/RabbitMQ/db/rabbit@ecs-1d22-mnesia is empty. Assuming we need to join an existing cluster or initialise from scratch...
2023-04-25 14:00:43.052000+08:00 [info] <0.227.0> Configured peer discovery backend: rabbit_peer_discovery_classic_config
2023-04-25 14:00:43.052000+08:00 [info] <0.227.0> Will try to lock with peer discovery backend rabbit_peer_discovery_classic_config
2023-04-25 14:00:43.052000+08:00 [info] <0.227.0> All discovered existing cluster peers:
2023-04-25 14:00:43.052000+08:00 [info] <0.227.0> Discovered no peer nodes to cluster with. Some discovery backends can filter nodes out based on a readiness criteria. Enabling debug logging might help troubleshoot.
2023-04-25 14:00:43.052000+08:00 [notice] <0.44.0> Application mnesia exited with reason: stopped
2023-04-25 14:00:43.344000+08:00 [info] <0.227.0> Waiting for Mnesia tables for 30000 ms, 9 retries left
2023-04-25 14:00:43.344000+08:00 [info] <0.227.0> Successfully synced tables from a peer
2023-04-25 14:00:43.359000+08:00 [info] <0.227.0> Feature flags: `feature_flags_v2`: supported, attempt to enable...
2023-04-25 14:00:43.406000+08:00 [notice] <0.286.0> Feature flags: attempt to enable `classic_mirrored_queue_version`...
2023-04-25 14:00:43.453000+08:00 [notice] <0.286.0> Feature flags: `classic_mirrored_queue_version` enabled
2023-04-25 14:00:43.453000+08:00 [notice] <0.286.0> Feature flags: attempt to enable `classic_queue_type_delivery_support`...
2023-04-25 14:00:43.469000+08:00 [notice] <0.286.0> Feature flags: attempt to enable `stream_queue`...
2023-04-25 14:00:43.516000+08:00 [notice] <0.286.0> Feature flags: `stream_queue` enabled
2023-04-25 14:00:43.547000+08:00 [notice] <0.286.0> Feature flags: `classic_queue_type_delivery_support` enabled
2023-04-25 14:00:43.547000+08:00 [notice] <0.286.0> Feature flags: attempt to enable `direct_exchange_routing_v2`...
2023-04-25 14:00:43.563000+08:00 [info] <0.509.0> Waiting for Mnesia tables for 30000 ms, 9 retries left
2023-04-25 14:00:43.563000+08:00 [info] <0.509.0> Successfully synced tables from a peer
2023-04-25 14:00:43.594000+08:00 [notice] <0.286.0> Feature flags: `direct_exchange_routing_v2` enabled
2023-04-25 14:00:43.594000+08:00 [notice] <0.286.0> Feature flags: attempt to enable `drop_unroutable_metric`...
2023-04-25 14:00:43.641000+08:00 [notice] <0.286.0> Feature flags: `drop_unroutable_metric` enabled
2023-04-25 14:00:43.641000+08:00 [notice] <0.286.0> Feature flags: attempt to enable `empty_basic_get_metric`...
2023-04-25 14:00:43.688000+08:00 [notice] <0.286.0> Feature flags: `empty_basic_get_metric` enabled
2023-04-25 14:00:43.688000+08:00 [notice] <0.286.0> Feature flags: attempt to enable `listener_records_in_ets`...
2023-04-25 14:00:43.760000+08:00 [notice] <0.286.0> Feature flags: `listener_records_in_ets` enabled
2023-04-25 14:00:43.760000+08:00 [notice] <0.286.0> Feature flags: attempt to enable `stream_single_active_consumer`...
2023-04-25 14:00:43.807000+08:00 [notice] <0.286.0> Feature flags: `stream_single_active_consumer` enabled
2023-04-25 14:00:43.807000+08:00 [notice] <0.286.0> Feature flags: attempt to enable `tracking_records_in_ets`...
2023-04-25 14:00:43.854000+08:00 [notice] <0.286.0> Feature flags: `tracking_records_in_ets` enabled
2023-04-25 14:00:43.854000+08:00 [info] <0.227.0> Waiting for Mnesia tables for 30000 ms, 9 retries left
2023-04-25 14:00:43.854000+08:00 [info] <0.227.0> Successfully synced tables from a peer
2023-04-25 14:00:43.870000+08:00 [info] <0.227.0> Waiting for Mnesia tables for 30000 ms, 9 retries left
2023-04-25 14:00:43.870000+08:00 [info] <0.227.0> Successfully synced tables from a peer
2023-04-25 14:00:43.870000+08:00 [info] <0.227.0> Peer discovery backend rabbit_peer_discovery_classic_config does not support registration, skipping registration.
2023-04-25 14:00:43.870000+08:00 [info] <0.227.0> Will try to unlock with peer discovery backend rabbit_peer_discovery_classic_config
2023-04-25 14:00:43.870000+08:00 [info] <0.227.0> Running boot step tracking_metadata_store defined by app rabbit
2023-04-25 14:00:43.870000+08:00 [info] <0.631.0> Setting up a table for connection tracking on this node: tracked_connection
2023-04-25 14:00:43.870000+08:00 [info] <0.631.0> Setting up a table for per-vhost connection counting on this node: tracked_connection_per_vhost
2023-04-25 14:00:43.870000+08:00 [info] <0.631.0> Setting up a table for per-user connection counting on this node: tracked_connection_per_user
2023-04-25 14:00:43.870000+08:00 [info] <0.631.0> Setting up a table for channel tracking on this node: tracked_channel
2023-04-25 14:00:43.870000+08:00 [info] <0.631.0> Setting up a table for channel tracking on this node: tracked_channel_per_user
2023-04-25 14:00:43.870000+08:00 [info] <0.227.0> Running boot step networking_metadata_store defined by app rabbit
2023-04-25 14:00:43.870000+08:00 [info] <0.227.0> Running boot step database_sync defined by app rabbit
2023-04-25 14:00:43.870000+08:00 [info] <0.227.0> Running boot step feature_flags defined by app rabbit
2023-04-25 14:00:43.870000+08:00 [info] <0.227.0> Running boot step codec_correctness_check defined by app rabbit
2023-04-25 14:00:43.870000+08:00 [info] <0.227.0> Running boot step external_infrastructure defined by app rabbit
2023-04-25 14:00:43.870000+08:00 [info] <0.227.0> Running boot step rabbit_event defined by app rabbit
2023-04-25 14:00:43.870000+08:00 [info] <0.227.0> Running boot step rabbit_delayed_message defined by app rabbitmq_delayed_message_exchange
2023-04-25 14:00:43.886000+08:00 [info] <0.227.0> Waiting for Mnesia tables for 30000 ms, 0 retries left
2023-04-25 14:00:43.886000+08:00 [info] <0.227.0> Successfully synced tables from a peer
2023-04-25 14:00:43.886000+08:00 [info] <0.227.0> Running boot step rabbit_registry defined by app rabbit
2023-04-25 14:00:43.886000+08:00 [info] <0.227.0> Running boot step rabbit_auth_mechanism_amqplain defined by app rabbit
2023-04-25 14:00:43.886000+08:00 [info] <0.227.0> Running boot step rabbit_auth_mechanism_cr_demo defined by app rabbit
2023-04-25 14:00:43.886000+08:00 [info] <0.227.0> Running boot step rabbit_auth_mechanism_plain defined by app rabbit
2023-04-25 14:00:43.886000+08:00 [info] <0.227.0> Running boot step rabbit_exchange_type_direct defined by app rabbit
2023-04-25 14:00:43.886000+08:00 [info] <0.227.0> Running boot step rabbit_exchange_type_fanout defined by app rabbit
2023-04-25 14:00:43.886000+08:00 [info] <0.227.0> Running boot step rabbit_exchange_type_headers defined by app rabbit
2023-04-25 14:00:43.886000+08:00 [info] <0.227.0> Running boot step rabbit_exchange_type_topic defined by app rabbit
2023-04-25 14:00:43.886000+08:00 [info] <0.227.0> Running boot step rabbit_mirror_queue_mode_all defined by app rabbit
2023-04-25 14:00:43.886000+08:00 [info] <0.227.0> Running boot step rabbit_mirror_queue_mode_exactly defined by app rabbit
2023-04-25 14:00:43.886000+08:00 [info] <0.227.0> Running boot step rabbit_mirror_queue_mode_nodes defined by app rabbit
2023-04-25 14:00:43.886000+08:00 [info] <0.227.0> Running boot step rabbit_priority_queue defined by app rabbit
2023-04-25 14:00:43.886000+08:00 [info] <0.227.0> Priority queues enabled, real BQ is rabbit_variable_queue
2023-04-25 14:00:43.886000+08:00 [info] <0.227.0> Running boot step rabbit_queue_location_client_local defined by app rabbit
2023-04-25 14:00:43.886000+08:00 [info] <0.227.0> Running boot step rabbit_queue_location_min_masters defined by app rabbit
2023-04-25 14:00:43.886000+08:00 [info] <0.227.0> Running boot step rabbit_queue_location_random defined by app rabbit
2023-04-25 14:00:43.886000+08:00 [info] <0.227.0> Running boot step kernel_ready defined by app rabbit
2023-04-25 14:00:43.886000+08:00 [info] <0.227.0> Running boot step rabbit_sysmon_minder defined by app rabbit
2023-04-25 14:00:43.886000+08:00 [info] <0.227.0> Running boot step rabbit_epmd_monitor defined by app rabbit
2023-04-25 14:00:43.901000+08:00 [info] <0.653.0> epmd monitor knows us, inter-node communication (distribution) port: 25672
2023-04-25 14:00:43.901000+08:00 [info] <0.227.0> Running boot step guid_generator defined by app rabbit
2023-04-25 14:00:43.901000+08:00 [info] <0.227.0> Running boot step rabbit_node_monitor defined by app rabbit
2023-04-25 14:00:43.901000+08:00 [info] <0.657.0> Starting rabbit_node_monitor
2023-04-25 14:00:43.901000+08:00 [info] <0.227.0> Running boot step delegate_sup defined by app rabbit
2023-04-25 14:00:43.901000+08:00 [info] <0.227.0> Running boot step rabbit_memory_monitor defined by app rabbit
2023-04-25 14:00:43.901000+08:00 [info] <0.227.0> Running boot step rabbit_fifo_dlx_sup defined by app rabbit
2023-04-25 14:00:43.901000+08:00 [info] <0.227.0> Running boot step core_initialized defined by app rabbit
2023-04-25 14:00:43.901000+08:00 [info] <0.227.0> Running boot step upgrade_queues defined by app rabbit
2023-04-25 14:00:43.901000+08:00 [info] <0.227.0> message_store upgrades: 1 to apply
2023-04-25 14:00:43.901000+08:00 [info] <0.227.0> message_store upgrades: Applying rabbit_variable_queue:move_messages_to_vhost_store
2023-04-25 14:00:43.901000+08:00 [info] <0.227.0> message_store upgrades: No durable queues found. Skipping message store migration
2023-04-25 14:00:43.901000+08:00 [info] <0.227.0> message_store upgrades: Removing the old message store data
2023-04-25 14:00:43.901000+08:00 [info] <0.227.0> message_store upgrades: All upgrades applied successfully
2023-04-25 14:00:43.917000+08:00 [info] <0.227.0> Running boot step channel_tracking defined by app rabbit
2023-04-25 14:00:43.917000+08:00 [info] <0.227.0> Running boot step rabbit_channel_tracking_handler defined by app rabbit
2023-04-25 14:00:43.917000+08:00 [info] <0.227.0> Running boot step connection_tracking defined by app rabbit
2023-04-25 14:00:43.917000+08:00 [info] <0.227.0> Running boot step rabbit_connection_tracking_handler defined by app rabbit
2023-04-25 14:00:43.917000+08:00 [info] <0.227.0> Running boot step rabbit_definitions_hashing defined by app rabbit
2023-04-25 14:00:43.917000+08:00 [info] <0.227.0> Running boot step rabbit_exchange_parameters defined by app rabbit
2023-04-25 14:00:43.917000+08:00 [info] <0.227.0> Running boot step rabbit_mirror_queue_misc defined by app rabbit
2023-04-25 14:00:43.917000+08:00 [info] <0.227.0> Running boot step rabbit_policies defined by app rabbit
2023-04-25 14:00:43.917000+08:00 [info] <0.227.0> Running boot step rabbit_policy defined by app rabbit
2023-04-25 14:00:43.917000+08:00 [info] <0.227.0> Running boot step rabbit_queue_location_validator defined by app rabbit
2023-04-25 14:00:43.917000+08:00 [info] <0.227.0> Running boot step rabbit_quorum_memory_manager defined by app rabbit
2023-04-25 14:00:43.917000+08:00 [info] <0.227.0> Running boot step rabbit_stream_coordinator defined by app rabbit
2023-04-25 14:00:43.917000+08:00 [info] <0.227.0> Running boot step rabbit_vhost_limit defined by app rabbit
2023-04-25 14:00:43.917000+08:00 [info] <0.227.0> Running boot step rabbit_delayed_message_supervisor defined by app rabbitmq_delayed_message_exchange
2023-04-25 14:00:43.917000+08:00 [info] <0.227.0> Running boot step rabbit_exchange_type_delayed_message defined by app rabbitmq_delayed_message_exchange
2023-04-25 14:00:43.917000+08:00 [info] <0.227.0> Running boot step rabbit_mgmt_reset_handler defined by app rabbitmq_management
2023-04-25 14:00:43.917000+08:00 [info] <0.227.0> Running boot step rabbit_mgmt_db_handler defined by app rabbitmq_management_agent
2023-04-25 14:00:43.917000+08:00 [info] <0.227.0> Management plugin: using rates mode 'basic'
2023-04-25 14:00:43.917000+08:00 [info] <0.227.0> Running boot step recovery defined by app rabbit
2023-04-25 14:00:43.917000+08:00 [info] <0.227.0> Running boot step empty_db_check defined by app rabbit
2023-04-25 14:00:43.917000+08:00 [info] <0.227.0> Will seed default virtual host and user...
2023-04-25 14:00:43.917000+08:00 [info] <0.227.0> Adding vhost '/' (description: 'Default virtual host', tags: [])
2023-04-25 14:00:43.932000+08:00 [info] <0.701.0> Making sure data directory 'c:/Users/Administrator/AppData/Roaming/RabbitMQ/db/rabbit@ecs-1d22-mnesia/msg_stores/vhosts/628WB79CIFDYO9LJI6DKMI09L' for vhost '/' exists
2023-04-25 14:00:43.932000+08:00 [info] <0.701.0> Setting segment_entry_count for vhost '/' with 0 queues to '2048'
2023-04-25 14:00:43.948000+08:00 [info] <0.701.0> Starting message stores for vhost '/'
2023-04-25 14:00:43.948000+08:00 [info] <0.706.0> Message store "628WB79CIFDYO9LJI6DKMI09L/msg_store_transient": using rabbit_msg_store_ets_index to provide index
2023-04-25 14:00:43.948000+08:00 [info] <0.701.0> Started message store of type transient for vhost '/'
2023-04-25 14:00:43.948000+08:00 [info] <0.710.0> Message store "628WB79CIFDYO9LJI6DKMI09L/msg_store_persistent": using rabbit_msg_store_ets_index to provide index
2023-04-25 14:00:43.948000+08:00 [warning] <0.710.0> Message store "628WB79CIFDYO9LJI6DKMI09L/msg_store_persistent": rebuilding indices from scratch
2023-04-25 14:00:43.948000+08:00 [info] <0.701.0> Started message store of type persistent for vhost '/'
2023-04-25 14:00:43.948000+08:00 [info] <0.701.0> Recovering 0 queues of type rabbit_classic_queue took 10ms
2023-04-25 14:00:43.948000+08:00 [info] <0.701.0> Recovering 0 queues of type rabbit_quorum_queue took 0ms
2023-04-25 14:00:43.948000+08:00 [info] <0.701.0> Recovering 0 queues of type rabbit_stream_queue took 0ms
2023-04-25 14:00:43.948000+08:00 [info] <0.227.0> Created user 'guest'
2023-04-25 14:00:43.948000+08:00 [info] <0.227.0> Successfully set user tags for user 'guest' to [administrator]
2023-04-25 14:00:43.948000+08:00 [info] <0.227.0> Successfully set permissions for 'guest' in virtual host '/' to '.*', '.*', '.*'
2023-04-25 14:00:43.948000+08:00 [info] <0.227.0> Running boot step rabbit_observer_cli defined by app rabbit
2023-04-25 14:00:43.948000+08:00 [info] <0.227.0> Running boot step rabbit_looking_glass defined by app rabbit
2023-04-25 14:00:43.948000+08:00 [info] <0.227.0> Running boot step rabbit_core_metrics_gc defined by app rabbit
2023-04-25 14:00:43.948000+08:00 [info] <0.227.0> Running boot step background_gc defined by app rabbit
2023-04-25 14:00:43.948000+08:00 [info] <0.227.0> Running boot step routing_ready defined by app rabbit
2023-04-25 14:00:43.948000+08:00 [info] <0.227.0> Running boot step pre_flight defined by app rabbit
2023-04-25 14:00:43.948000+08:00 [info] <0.227.0> Running boot step notify_cluster defined by app rabbit
2023-04-25 14:00:43.948000+08:00 [info] <0.227.0> Running boot step networking defined by app rabbit
2023-04-25 14:00:43.948000+08:00 [info] <0.227.0> Running boot step definition_import_worker_pool defined by app rabbit
2023-04-25 14:00:43.948000+08:00 [info] <0.285.0> Starting worker pool 'definition_import_pool' with 16 processes in it
2023-04-25 14:00:43.948000+08:00 [info] <0.227.0> Running boot step cluster_name defined by app rabbit
2023-04-25 14:00:43.948000+08:00 [info] <0.227.0> Initialising internal cluster ID to 'rabbitmq-cluster-id-4Cfalz-UTqhB8Agmw8pu2Q'
2023-04-25 14:00:43.964000+08:00 [info] <0.227.0> Running boot step direct_client defined by app rabbit
2023-04-25 14:00:43.964000+08:00 [info] <0.227.0> Running boot step rabbit_maintenance_mode_state defined by app rabbit
2023-04-25 14:00:43.964000+08:00 [info] <0.227.0> Creating table rabbit_node_maintenance_states for maintenance mode status
2023-04-25 14:00:43.964000+08:00 [info] <0.227.0> Running boot step rabbit_management_load_definitions defined by app rabbitmq_management
2023-04-25 14:00:43.964000+08:00 [info] <0.759.0> Resetting node maintenance status
2023-04-25 14:00:44.923000+08:00 [info] <0.818.0> Management plugin: HTTP (non-TLS) listener started on port 15672
2023-04-25 14:00:44.923000+08:00 [info] <0.846.0> Statistics database started.
2023-04-25 14:00:44.923000+08:00 [info] <0.845.0> Starting worker pool 'management_worker_pool' with 3 processes in it
2023-04-25 14:00:44.923000+08:00 [info] <0.759.0> Ready to start client connection listeners
2023-04-25 14:00:44.923000+08:00 [info] <0.874.0> started TCP listener on [::]:5672
2023-04-25 14:00:44.923000+08:00 [info] <0.892.0> started TCP listener on 0.0.0.0:5672
2023-04-25 14:00:45.157000+08:00 [info] <0.759.0> Server startup complete; 4 plugins started.
2023-04-25 14:00:45.157000+08:00 [info] <0.759.0>  * rabbitmq_delayed_message_exchange
2023-04-25 14:00:45.157000+08:00 [info] <0.759.0>  * rabbitmq_management
2023-04-25 14:00:45.157000+08:00 [info] <0.759.0>  * rabbitmq_web_dispatch
2023-04-25 14:00:45.157000+08:00 [info] <0.759.0>  * rabbitmq_management_agent
2023-04-25 14:02:24.612000+08:00 [info] <0.95.0> RabbitMQ is asked to stop...
2023-04-25 14:02:24.737000+08:00 [info] <0.95.0> Stopping RabbitMQ applications and their dependencies in the following order:
2023-04-25 14:02:24.737000+08:00 [info] <0.95.0>     rabbitmq_management
2023-04-25 14:02:24.737000+08:00 [info] <0.95.0>     rabbitmq_web_dispatch
2023-04-25 14:02:24.737000+08:00 [info] <0.95.0>     cowboy
2023-04-25 14:02:24.737000+08:00 [info] <0.95.0>     cowlib
2023-04-25 14:02:24.737000+08:00 [info] <0.95.0>     rabbitmq_management_agent
2023-04-25 14:02:24.737000+08:00 [info] <0.95.0>     rabbitmq_delayed_message_exchange
2023-04-25 14:02:24.737000+08:00 [info] <0.95.0>     rabbit
2023-04-25 14:02:24.737000+08:00 [info] <0.95.0>     amqp_client
2023-04-25 14:02:24.737000+08:00 [info] <0.95.0>     rabbitmq_prelaunch
2023-04-25 14:02:24.737000+08:00 [info] <0.95.0>     rabbit_common
2023-04-25 14:02:24.737000+08:00 [info] <0.95.0>     ra
2023-04-25 14:02:24.737000+08:00 [info] <0.95.0>     os_mon
2023-04-25 14:02:24.737000+08:00 [info] <0.95.0>     sysmon_handler
2023-04-25 14:02:24.737000+08:00 [info] <0.95.0>     osiris
2023-04-25 14:02:24.737000+08:00 [info] <0.95.0>     mnesia
2023-04-25 14:02:24.737000+08:00 [info] <0.95.0> 
2023-04-25 14:02:24.737000+08:00 [info] <0.95.0> Stopping application 'rabbitmq_management'
2023-04-25 14:02:24.741000+08:00 [warning] <0.810.0> HTTP listener registry could not find context rabbitmq_management_tls
2023-04-25 14:02:24.741000+08:00 [notice] <0.44.0> Application rabbitmq_management exited with reason: stopped
2023-04-25 14:02:24.741000+08:00 [info] <0.95.0> Stopping application 'rabbitmq_web_dispatch'
2023-04-25 14:02:24.757000+08:00 [notice] <0.44.0> Application rabbitmq_web_dispatch exited with reason: stopped
2023-04-25 14:02:24.757000+08:00 [info] <0.95.0> Stopping application 'cowboy'
2023-04-25 14:02:24.757000+08:00 [notice] <0.44.0> Application cowboy exited with reason: stopped
2023-04-25 14:02:24.757000+08:00 [info] <0.95.0> Stopping application 'cowlib'
2023-04-25 14:02:24.757000+08:00 [notice] <0.44.0> Application cowlib exited with reason: stopped
2023-04-25 14:02:24.757000+08:00 [info] <0.95.0> Stopping application 'rabbitmq_management_agent'
2023-04-25 14:02:24.772000+08:00 [notice] <0.44.0> Application rabbitmq_management_agent exited with reason: stopped
2023-04-25 14:02:24.772000+08:00 [info] <0.95.0> Stopping application 'rabbitmq_delayed_message_exchange'
2023-04-25 14:02:24.772000+08:00 [notice] <0.44.0> Application rabbitmq_delayed_message_exchange exited with reason: stopped
2023-04-25 14:02:24.772000+08:00 [info] <0.95.0> Stopping application 'rabbit'
2023-04-25 14:02:24.772000+08:00 [info] <0.227.0> Peer discovery backend rabbit_peer_discovery_classic_config does not support registration, skipping unregistration.
2023-04-25 14:02:24.772000+08:00 [info] <0.892.0> stopped TCP listener on 0.0.0.0:5672
2023-04-25 14:02:24.772000+08:00 [info] <0.874.0> stopped TCP listener on [::]:5672
2023-04-25 14:02:24.772000+08:00 [info] <0.893.0> Closing all connections in vhost '/' on node 'rabbit@ecs-1d22' because the vhost is stopping
2023-04-25 14:02:24.772000+08:00 [info] <0.710.0> Stopping message store for directory 'c:/Users/Administrator/AppData/Roaming/RabbitMQ/db/rabbit@ecs-1d22-mnesia/msg_stores/vhosts/628WB79CIFDYO9LJI6DKMI09L/msg_store_persistent'
2023-04-25 14:02:24.788000+08:00 [info] <0.710.0> Message store for directory 'c:/Users/Administrator/AppData/Roaming/RabbitMQ/db/rabbit@ecs-1d22-mnesia/msg_stores/vhosts/628WB79CIFDYO9LJI6DKMI09L/msg_store_persistent' is stopped
2023-04-25 14:02:24.788000+08:00 [info] <0.706.0> Stopping message store for directory 'c:/Users/Administrator/AppData/Roaming/RabbitMQ/db/rabbit@ecs-1d22-mnesia/msg_stores/vhosts/628WB79CIFDYO9LJI6DKMI09L/msg_store_transient'
2023-04-25 14:02:24.788000+08:00 [info] <0.706.0> Message store for directory 'c:/Users/Administrator/AppData/Roaming/RabbitMQ/db/rabbit@ecs-1d22-mnesia/msg_stores/vhosts/628WB79CIFDYO9LJI6DKMI09L/msg_store_transient' is stopped
2023-04-25 14:02:24.788000+08:00 [info] <0.635.0> Management plugin: to stop collect_statistics.
2023-04-25 14:02:29.806000+08:00 [notice] <0.44.0> Application rabbit exited with reason: stopped
2023-04-25 14:02:29.806000+08:00 [info] <0.95.0> Stopping application 'amqp_client'
2023-04-25 14:02:29.822000+08:00 [notice] <0.44.0> Application amqp_client exited with reason: stopped
2023-04-25 14:02:29.822000+08:00 [info] <0.95.0> Stopping application 'rabbitmq_prelaunch'
2023-04-25 14:02:29.822000+08:00 [notice] <0.44.0> Application rabbitmq_prelaunch exited with reason: stopped
2023-04-25 14:02:29.822000+08:00 [info] <0.95.0> Stopping application 'rabbit_common'
2023-04-25 14:02:29.822000+08:00 [notice] <0.44.0> Application rabbit_common exited with reason: stopped
2023-04-25 14:02:29.822000+08:00 [info] <0.95.0> Stopping application 'ra'
2023-04-25 14:02:29.838000+08:00 [notice] <0.44.0> Application ra exited with reason: stopped
2023-04-25 14:02:29.838000+08:00 [info] <0.95.0> Stopping application 'os_mon'
2023-04-25 14:02:29.838000+08:00 [notice] <0.44.0> Application os_mon exited with reason: stopped
2023-04-25 14:02:29.838000+08:00 [info] <0.95.0> Stopping application 'sysmon_handler'
2023-04-25 14:02:29.853000+08:00 [notice] <0.44.0> Application sysmon_handler exited with reason: stopped
2023-04-25 14:02:29.853000+08:00 [info] <0.95.0> Stopping application 'osiris'
2023-04-25 14:02:29.853000+08:00 [notice] <0.44.0> Application osiris exited with reason: stopped
2023-04-25 14:02:29.853000+08:00 [info] <0.95.0> Stopping application 'mnesia'
2023-04-25 14:02:29.869000+08:00 [notice] <0.44.0> Application mnesia exited with reason: stopped
2023-04-25 14:02:29.869000+08:00 [info] <0.95.0> Successfully stopped RabbitMQ and its dependencies
2023-04-25 14:02:29.869000+08:00 [info] <0.95.0> Halting Erlang VM with the following applications:
2023-04-25 14:02:29.869000+08:00 [info] <0.95.0>     amqp10_common
2023-04-25 14:02:29.869000+08:00 [info] <0.95.0>     observer_cli
2023-04-25 14:02:29.869000+08:00 [info] <0.95.0>     redbug
2023-04-25 14:02:29.869000+08:00 [info] <0.95.0>     runtime_tools
2023-04-25 14:02:29.869000+08:00 [info] <0.95.0>     stdout_formatter
2023-04-25 14:02:29.869000+08:00 [info] <0.95.0>     seshat
2023-04-25 14:02:29.869000+08:00 [info] <0.95.0>     gen_batch_server
2023-04-25 14:02:29.869000+08:00 [info] <0.95.0>     aten
2023-04-25 14:02:29.869000+08:00 [info] <0.95.0>     ranch
2023-04-25 14:02:29.869000+08:00 [info] <0.95.0>     inets
2023-04-25 14:02:29.869000+08:00 [info] <0.95.0>     systemd
2023-04-25 14:02:29.869000+08:00 [info] <0.95.0>     enough
2023-04-25 14:02:29.869000+08:00 [info] <0.95.0>     cuttlefish
2023-04-25 14:02:29.869000+08:00 [info] <0.95.0>     credentials_obfuscation
2023-04-25 14:02:29.869000+08:00 [info] <0.95.0>     recon
2023-04-25 14:02:29.869000+08:00 [info] <0.95.0>     thoas
2023-04-25 14:02:29.869000+08:00 [info] <0.95.0>     xmerl
2023-04-25 14:02:29.869000+08:00 [info] <0.95.0>     tools
2023-04-25 14:02:29.869000+08:00 [info] <0.95.0>     syntax_tools
2023-04-25 14:02:29.869000+08:00 [info] <0.95.0>     ssl
2023-04-25 14:02:29.869000+08:00 [info] <0.95.0>     public_key
2023-04-25 14:02:29.869000+08:00 [info] <0.95.0>     asn1
2023-04-25 14:02:29.869000+08:00 [info] <0.95.0>     crypto
2023-04-25 14:02:29.869000+08:00 [info] <0.95.0>     compiler
2023-04-25 14:02:29.869000+08:00 [info] <0.95.0>     sasl
2023-04-25 14:02:29.869000+08:00 [info] <0.95.0>     stdlib
2023-04-25 14:02:29.869000+08:00 [info] <0.95.0>     kernel
2023-04-25 14:02:29.869000+08:00 [info] <0.95.0> 
2023-04-25 14:02:42.307000+08:00 [notice] <0.227.0> Logging: configured log handlers are now ACTIVE
2023-04-25 14:02:46.053000+08:00 [info] <0.227.0> ra: starting system quorum_queues
2023-04-25 14:02:46.053000+08:00 [info] <0.227.0> starting Ra system: quorum_queues in directory: c:/Users/Administrator/AppData/Roaming/RabbitMQ/db/rabbit@ecs-1d22-mnesia/quorum/rabbit@ecs-1d22
2023-04-25 14:02:46.053000+08:00 [info] <0.308.0> ra system 'quorum_queues' running pre init for 0 registered servers
2023-04-25 14:02:46.053000+08:00 [info] <0.309.0> ra: meta data store initialised for system quorum_queues. 0 record(s) recovered
2023-04-25 14:02:46.053000+08:00 [notice] <0.316.0> WAL: ra_log_wal init, open tbls: ra_log_open_mem_tables, closed tbls: ra_log_closed_mem_tables
2023-04-25 14:02:46.084000+08:00 [info] <0.227.0> ra: starting system coordination
2023-04-25 14:02:46.084000+08:00 [info] <0.227.0> starting Ra system: coordination in directory: c:/Users/Administrator/AppData/Roaming/RabbitMQ/db/rabbit@ecs-1d22-mnesia/coordination/rabbit@ecs-1d22
2023-04-25 14:02:46.084000+08:00 [info] <0.374.0> ra system 'coordination' running pre init for 0 registered servers
2023-04-25 14:02:46.084000+08:00 [info] <0.375.0> ra: meta data store initialised for system coordination. 0 record(s) recovered
2023-04-25 14:02:46.084000+08:00 [notice] <0.380.0> WAL: ra_coordination_log_wal init, open tbls: ra_coordination_log_open_mem_tables, closed tbls: ra_coordination_log_closed_mem_tables
2023-04-25 14:02:46.115000+08:00 [info] <0.227.0> 
2023-04-25 14:02:46.115000+08:00 [info] <0.227.0>  Starting RabbitMQ 3.11.13 on Erlang 25.3 [jit]
2023-04-25 14:02:46.115000+08:00 [info] <0.227.0>  Copyright (c) 2007-2023 VMware, Inc. or its affiliates.
2023-04-25 14:02:46.115000+08:00 [info] <0.227.0>  Licensed under the MPL 2.0. Website: https://rabbitmq.com
2023-04-25 14:02:46.115000+08:00 [info] <0.227.0> 
2023-04-25 14:02:46.115000+08:00 [info] <0.227.0>  node           : rabbit@ecs-1d22
2023-04-25 14:02:46.115000+08:00 [info] <0.227.0>  home dir       : c:/Windows/system32/config/systemprofile
2023-04-25 14:02:46.115000+08:00 [info] <0.227.0>  config file(s) : c:/Users/Administrator/AppData/Roaming/RabbitMQ/advanced.config
2023-04-25 14:02:46.115000+08:00 [info] <0.227.0>  cookie hash    : +Swf7XDUkhwNYvEKwxxS6Q==
2023-04-25 14:02:46.115000+08:00 [info] <0.227.0>  log(s)         : <stdout>
2023-04-25 14:02:46.115000+08:00 [info] <0.227.0>                 : c:/Users/Administrator/AppData/Roaming/RabbitMQ/log/rabbit@ecs-1d22.log
2023-04-25 14:02:46.115000+08:00 [info] <0.227.0>                 : c:/Users/Administrator/AppData/Roaming/RabbitMQ/log/rabbit@ecs-1d22_upgrade.log
2023-04-25 14:02:46.115000+08:00 [info] <0.227.0>  database dir   : c:/Users/Administrator/AppData/Roaming/RabbitMQ/db/rabbit@ecs-1d22-mnesia
2023-04-25 14:02:46.699000+08:00 [info] <0.227.0> Running boot step pre_boot defined by app rabbit
2023-04-25 14:02:46.699000+08:00 [info] <0.227.0> Running boot step rabbit_global_counters defined by app rabbit
2023-04-25 14:02:46.699000+08:00 [info] <0.227.0> Running boot step rabbit_osiris_metrics defined by app rabbit
2023-04-25 14:02:46.699000+08:00 [info] <0.227.0> Running boot step rabbit_core_metrics defined by app rabbit
2023-04-25 14:02:46.699000+08:00 [info] <0.227.0> Running boot step rabbit_alarm defined by app rabbit
2023-04-25 14:02:46.715000+08:00 [info] <0.395.0> Memory high watermark set to 13106 MiB (13743523430 bytes) of 32767 MiB (34358808576 bytes) total
2023-04-25 14:02:46.715000+08:00 [info] <0.397.0> Enabling free disk space monitoring (disk free space: 7010320384, total memory: 34358808576)
2023-04-25 14:02:46.715000+08:00 [info] <0.397.0> Disk free limit set to 50MB
2023-04-25 14:02:46.715000+08:00 [info] <0.227.0> Running boot step code_server_cache defined by app rabbit
2023-04-25 14:02:46.715000+08:00 [info] <0.227.0> Running boot step file_handle_cache defined by app rabbit
2023-04-25 14:02:46.715000+08:00 [info] <0.400.0> Limiting to approx 65439 file handles (58893 sockets)
2023-04-25 14:02:46.715000+08:00 [info] <0.401.0> FHC read buffering: OFF
2023-04-25 14:02:46.715000+08:00 [info] <0.401.0> FHC write buffering: ON
2023-04-25 14:02:46.715000+08:00 [info] <0.227.0> Running boot step worker_pool defined by app rabbit
2023-04-25 14:02:46.715000+08:00 [info] <0.382.0> Will use 16 processes for default worker pool
2023-04-25 14:02:46.715000+08:00 [info] <0.382.0> Starting worker pool 'worker_pool' with 16 processes in it
2023-04-25 14:02:46.715000+08:00 [info] <0.227.0> Running boot step database defined by app rabbit
2023-04-25 14:02:46.715000+08:00 [info] <0.227.0> Waiting for Mnesia tables for 30000 ms, 9 retries left
2023-04-25 14:02:46.715000+08:00 [info] <0.227.0> Successfully synced tables from a peer
2023-04-25 14:02:46.731000+08:00 [info] <0.227.0> Waiting for Mnesia tables for 30000 ms, 9 retries left
2023-04-25 14:02:46.731000+08:00 [info] <0.227.0> Successfully synced tables from a peer
2023-04-25 14:02:46.731000+08:00 [info] <0.227.0> Peer discovery backend rabbit_peer_discovery_classic_config does not support registration, skipping registration.
2023-04-25 14:02:46.731000+08:00 [info] <0.227.0> Running boot step tracking_metadata_store defined by app rabbit
2023-04-25 14:02:46.731000+08:00 [info] <0.426.0> Setting up a table for connection tracking on this node: tracked_connection
2023-04-25 14:02:46.731000+08:00 [info] <0.426.0> Setting up a table for per-vhost connection counting on this node: tracked_connection_per_vhost
2023-04-25 14:02:46.731000+08:00 [info] <0.426.0> Setting up a table for per-user connection counting on this node: tracked_connection_per_user
2023-04-25 14:02:46.731000+08:00 [info] <0.426.0> Setting up a table for channel tracking on this node: tracked_channel
2023-04-25 14:02:46.731000+08:00 [info] <0.426.0> Setting up a table for channel tracking on this node: tracked_channel_per_user
2023-04-25 14:02:46.731000+08:00 [info] <0.227.0> Running boot step networking_metadata_store defined by app rabbit
2023-04-25 14:02:46.731000+08:00 [info] <0.227.0> Running boot step database_sync defined by app rabbit
2023-04-25 14:02:46.731000+08:00 [info] <0.227.0> Running boot step feature_flags defined by app rabbit
2023-04-25 14:02:46.731000+08:00 [info] <0.227.0> Running boot step codec_correctness_check defined by app rabbit
2023-04-25 14:02:46.731000+08:00 [info] <0.227.0> Running boot step external_infrastructure defined by app rabbit
2023-04-25 14:02:46.731000+08:00 [info] <0.227.0> Running boot step rabbit_event defined by app rabbit
2023-04-25 14:02:46.731000+08:00 [info] <0.227.0> Running boot step rabbit_delayed_message defined by app rabbitmq_delayed_message_exchange
2023-04-25 14:02:46.731000+08:00 [info] <0.227.0> Waiting for Mnesia tables for 30000 ms, 0 retries left
2023-04-25 14:02:46.731000+08:00 [info] <0.227.0> Successfully synced tables from a peer
2023-04-25 14:02:46.731000+08:00 [info] <0.227.0> Running boot step rabbit_registry defined by app rabbit
2023-04-25 14:02:46.731000+08:00 [info] <0.227.0> Running boot step rabbit_auth_mechanism_amqplain defined by app rabbit
2023-04-25 14:02:46.731000+08:00 [info] <0.227.0> Running boot step rabbit_auth_mechanism_cr_demo defined by app rabbit
2023-04-25 14:02:46.731000+08:00 [info] <0.227.0> Running boot step rabbit_auth_mechanism_plain defined by app rabbit
2023-04-25 14:02:46.731000+08:00 [info] <0.227.0> Running boot step rabbit_exchange_type_direct defined by app rabbit
2023-04-25 14:02:46.731000+08:00 [info] <0.227.0> Running boot step rabbit_exchange_type_fanout defined by app rabbit
2023-04-25 14:02:46.731000+08:00 [info] <0.227.0> Running boot step rabbit_exchange_type_headers defined by app rabbit
2023-04-25 14:02:46.731000+08:00 [info] <0.227.0> Running boot step rabbit_exchange_type_topic defined by app rabbit
2023-04-25 14:02:46.731000+08:00 [info] <0.227.0> Running boot step rabbit_mirror_queue_mode_all defined by app rabbit
2023-04-25 14:02:46.731000+08:00 [info] <0.227.0> Running boot step rabbit_mirror_queue_mode_exactly defined by app rabbit
2023-04-25 14:02:46.731000+08:00 [info] <0.227.0> Running boot step rabbit_mirror_queue_mode_nodes defined by app rabbit
2023-04-25 14:02:46.731000+08:00 [info] <0.227.0> Running boot step rabbit_priority_queue defined by app rabbit
2023-04-25 14:02:46.731000+08:00 [info] <0.227.0> Priority queues enabled, real BQ is rabbit_variable_queue
2023-04-25 14:02:46.731000+08:00 [info] <0.227.0> Running boot step rabbit_queue_location_client_local defined by app rabbit
2023-04-25 14:02:46.731000+08:00 [info] <0.227.0> Running boot step rabbit_queue_location_min_masters defined by app rabbit
2023-04-25 14:02:46.731000+08:00 [info] <0.227.0> Running boot step rabbit_queue_location_random defined by app rabbit
2023-04-25 14:02:46.731000+08:00 [info] <0.227.0> Running boot step kernel_ready defined by app rabbit
2023-04-25 14:02:46.731000+08:00 [info] <0.227.0> Running boot step rabbit_sysmon_minder defined by app rabbit
2023-04-25 14:02:46.731000+08:00 [info] <0.227.0> Running boot step rabbit_epmd_monitor defined by app rabbit
2023-04-25 14:02:46.746000+08:00 [info] <0.438.0> epmd monitor knows us, inter-node communication (distribution) port: 25672
2023-04-25 14:02:46.746000+08:00 [info] <0.227.0> Running boot step guid_generator defined by app rabbit
2023-04-25 14:02:46.746000+08:00 [info] <0.227.0> Running boot step rabbit_node_monitor defined by app rabbit
2023-04-25 14:02:46.746000+08:00 [info] <0.442.0> Starting rabbit_node_monitor
2023-04-25 14:02:46.746000+08:00 [info] <0.227.0> Running boot step delegate_sup defined by app rabbit
2023-04-25 14:02:46.746000+08:00 [info] <0.227.0> Running boot step rabbit_memory_monitor defined by app rabbit
2023-04-25 14:02:46.746000+08:00 [info] <0.227.0> Running boot step rabbit_fifo_dlx_sup defined by app rabbit
2023-04-25 14:02:46.757000+08:00 [info] <0.227.0> Running boot step core_initialized defined by app rabbit
2023-04-25 14:02:46.757000+08:00 [info] <0.227.0> Running boot step upgrade_queues defined by app rabbit
2023-04-25 14:02:46.757000+08:00 [info] <0.227.0> Running boot step channel_tracking defined by app rabbit
2023-04-25 14:02:46.757000+08:00 [info] <0.227.0> Running boot step rabbit_channel_tracking_handler defined by app rabbit
2023-04-25 14:02:46.757000+08:00 [info] <0.227.0> Running boot step connection_tracking defined by app rabbit
2023-04-25 14:02:46.757000+08:00 [info] <0.227.0> Running boot step rabbit_connection_tracking_handler defined by app rabbit
2023-04-25 14:02:46.757000+08:00 [info] <0.227.0> Running boot step rabbit_definitions_hashing defined by app rabbit
2023-04-25 14:02:46.757000+08:00 [info] <0.227.0> Running boot step rabbit_exchange_parameters defined by app rabbit
2023-04-25 14:02:46.757000+08:00 [info] <0.227.0> Running boot step rabbit_mirror_queue_misc defined by app rabbit
2023-04-25 14:02:46.757000+08:00 [info] <0.227.0> Running boot step rabbit_policies defined by app rabbit
2023-04-25 14:02:46.757000+08:00 [info] <0.227.0> Running boot step rabbit_policy defined by app rabbit
2023-04-25 14:02:46.757000+08:00 [info] <0.227.0> Running boot step rabbit_queue_location_validator defined by app rabbit
2023-04-25 14:02:46.757000+08:00 [info] <0.227.0> Running boot step rabbit_quorum_memory_manager defined by app rabbit
2023-04-25 14:02:46.757000+08:00 [info] <0.227.0> Running boot step rabbit_stream_coordinator defined by app rabbit
2023-04-25 14:02:46.757000+08:00 [info] <0.227.0> Running boot step rabbit_vhost_limit defined by app rabbit
2023-04-25 14:02:46.757000+08:00 [info] <0.227.0> Running boot step rabbit_delayed_message_supervisor defined by app rabbitmq_delayed_message_exchange
2023-04-25 14:02:46.757000+08:00 [info] <0.227.0> Running boot step rabbit_exchange_type_delayed_message defined by app rabbitmq_delayed_message_exchange
2023-04-25 14:02:46.757000+08:00 [info] <0.227.0> Running boot step rabbit_mgmt_reset_handler defined by app rabbitmq_management
2023-04-25 14:02:46.757000+08:00 [info] <0.227.0> Running boot step rabbit_mgmt_db_handler defined by app rabbitmq_management_agent
2023-04-25 14:02:46.757000+08:00 [info] <0.227.0> Management plugin: using rates mode 'basic'
2023-04-25 14:02:46.757000+08:00 [info] <0.227.0> Running boot step recovery defined by app rabbit
2023-04-25 14:02:46.757000+08:00 [info] <0.478.0> Making sure data directory 'c:/Users/Administrator/AppData/Roaming/RabbitMQ/db/rabbit@ecs-1d22-mnesia/msg_stores/vhosts/628WB79CIFDYO9LJI6DKMI09L' for vhost '/' exists
2023-04-25 14:02:46.757000+08:00 [info] <0.478.0> Starting message stores for vhost '/'
2023-04-25 14:02:46.772000+08:00 [info] <0.483.0> Message store "628WB79CIFDYO9LJI6DKMI09L/msg_store_transient": using rabbit_msg_store_ets_index to provide index
2023-04-25 14:02:46.772000+08:00 [info] <0.478.0> Started message store of type transient for vhost '/'
2023-04-25 14:02:46.772000+08:00 [info] <0.487.0> Message store "628WB79CIFDYO9LJI6DKMI09L/msg_store_persistent": using rabbit_msg_store_ets_index to provide index
2023-04-25 14:02:46.772000+08:00 [info] <0.478.0> Started message store of type persistent for vhost '/'
2023-04-25 14:02:46.772000+08:00 [info] <0.478.0> Recovering 0 queues of type rabbit_classic_queue took 8ms
2023-04-25 14:02:46.772000+08:00 [info] <0.478.0> Recovering 0 queues of type rabbit_quorum_queue took 0ms
2023-04-25 14:02:46.772000+08:00 [info] <0.478.0> Recovering 0 queues of type rabbit_stream_queue took 0ms
2023-04-25 14:02:46.772000+08:00 [info] <0.227.0> Running boot step empty_db_check defined by app rabbit
2023-04-25 14:02:46.772000+08:00 [info] <0.227.0> Will not seed default virtual host and user: have definitions to load...
2023-04-25 14:02:46.772000+08:00 [info] <0.227.0> Running boot step rabbit_observer_cli defined by app rabbit
2023-04-25 14:02:46.772000+08:00 [info] <0.227.0> Running boot step rabbit_looking_glass defined by app rabbit
2023-04-25 14:02:46.772000+08:00 [info] <0.227.0> Running boot step rabbit_core_metrics_gc defined by app rabbit
2023-04-25 14:02:46.772000+08:00 [info] <0.227.0> Running boot step background_gc defined by app rabbit
2023-04-25 14:02:46.772000+08:00 [info] <0.227.0> Running boot step routing_ready defined by app rabbit
2023-04-25 14:02:46.772000+08:00 [info] <0.227.0> Running boot step pre_flight defined by app rabbit
2023-04-25 14:02:46.772000+08:00 [info] <0.227.0> Running boot step notify_cluster defined by app rabbit
2023-04-25 14:02:46.772000+08:00 [info] <0.227.0> Running boot step networking defined by app rabbit
2023-04-25 14:02:46.772000+08:00 [info] <0.227.0> Running boot step definition_import_worker_pool defined by app rabbit
2023-04-25 14:02:46.772000+08:00 [info] <0.382.0> Starting worker pool 'definition_import_pool' with 16 processes in it
2023-04-25 14:02:46.772000+08:00 [info] <0.227.0> Running boot step cluster_name defined by app rabbit
2023-04-25 14:02:46.772000+08:00 [info] <0.227.0> Running boot step direct_client defined by app rabbit
2023-04-25 14:02:46.772000+08:00 [info] <0.227.0> Running boot step rabbit_maintenance_mode_state defined by app rabbit
2023-04-25 14:02:46.772000+08:00 [info] <0.227.0> Creating table rabbit_node_maintenance_states for maintenance mode status
2023-04-25 14:02:46.772000+08:00 [info] <0.227.0> Running boot step rabbit_management_load_definitions defined by app rabbitmq_management
2023-04-25 14:02:46.772000+08:00 [info] <0.528.0> Resetting node maintenance status
2023-04-25 14:02:47.549000+08:00 [info] <0.587.0> Management plugin: HTTP (non-TLS) listener started on port 15672
2023-04-25 14:02:47.549000+08:00 [info] <0.615.0> Statistics database started.
2023-04-25 14:02:47.549000+08:00 [info] <0.614.0> Starting worker pool 'management_worker_pool' with 3 processes in it
2023-04-25 14:02:47.549000+08:00 [info] <0.528.0> Ready to start client connection listeners
2023-04-25 14:02:47.549000+08:00 [info] <0.643.0> started TCP listener on [::]:5672
2023-04-25 14:02:47.549000+08:00 [info] <0.661.0> started TCP listener on 0.0.0.0:5672
2023-04-25 14:02:47.778000+08:00 [info] <0.528.0> Server startup complete; 4 plugins started.
2023-04-25 14:02:47.778000+08:00 [info] <0.528.0>  * rabbitmq_delayed_message_exchange
2023-04-25 14:02:47.778000+08:00 [info] <0.528.0>  * rabbitmq_management
2023-04-25 14:02:47.778000+08:00 [info] <0.528.0>  * rabbitmq_web_dispatch
2023-04-25 14:02:47.778000+08:00 [info] <0.528.0>  * rabbitmq_management_agent
2023-04-25 14:04:09.790000+08:00 [info] <0.695.0> Adding vhost 'ManYiChong' (description: 'manyichong', tags: [])
2023-04-25 14:04:09.804000+08:00 [info] <0.706.0> Making sure data directory 'c:/Users/Administrator/AppData/Roaming/RabbitMQ/db/rabbit@ecs-1d22-mnesia/msg_stores/vhosts/AFUGTMSOWE2T0GDXL2ACC26UI' for vhost 'ManYiChong' exists
2023-04-25 14:04:09.805000+08:00 [info] <0.706.0> Setting segment_entry_count for vhost 'ManYiChong' with 0 queues to '2048'
2023-04-25 14:04:09.809000+08:00 [info] <0.706.0> Starting message stores for vhost 'ManYiChong'
2023-04-25 14:04:09.810000+08:00 [info] <0.710.0> Message store "AFUGTMSOWE2T0GDXL2ACC26UI/msg_store_transient": using rabbit_msg_store_ets_index to provide index
2023-04-25 14:04:09.811000+08:00 [info] <0.706.0> Started message store of type transient for vhost 'ManYiChong'
2023-04-25 14:04:09.811000+08:00 [info] <0.714.0> Message store "AFUGTMSOWE2T0GDXL2ACC26UI/msg_store_persistent": using rabbit_msg_store_ets_index to provide index
2023-04-25 14:04:09.812000+08:00 [warning] <0.714.0> Message store "AFUGTMSOWE2T0GDXL2ACC26UI/msg_store_persistent": rebuilding indices from scratch
2023-04-25 14:04:09.813000+08:00 [info] <0.706.0> Started message store of type persistent for vhost 'ManYiChong'
2023-04-25 14:04:09.813000+08:00 [info] <0.706.0> Recovering 0 queues of type rabbit_classic_queue took 7ms
2023-04-25 14:04:09.813000+08:00 [info] <0.706.0> Recovering 0 queues of type rabbit_quorum_queue took 0ms
2023-04-25 14:04:09.813000+08:00 [info] <0.706.0> Recovering 0 queues of type rabbit_stream_queue took 0ms
2023-04-25 14:04:09.817000+08:00 [info] <0.695.0> Successfully set permissions for 'guest' in virtual host 'ManYiChong' to '.*', '.*', '.*'
2023-04-25 14:08:43.635000+08:00 [info] <0.794.0> accepting AMQP connection <0.794.0> ([::1]:61189 -> [::1]:5672)
2023-04-25 14:08:43.635000+08:00 [info] <0.794.0> connection <0.794.0> ([::1]:61189 -> [::1]:5672): user 'guest' authenticated and granted access to vhost 'ManYiChong'
2023-04-25 14:08:43.650000+08:00 [info] <0.794.0> closing AMQP connection <0.794.0> ([::1]:61189 -> [::1]:5672, vhost: 'ManYiChong', user: 'guest')
2023-04-25 14:08:43.650000+08:00 [info] <0.818.0> accepting AMQP connection <0.818.0> ([::1]:61190 -> [::1]:5672)
2023-04-25 14:08:43.650000+08:00 [info] <0.818.0> connection <0.818.0> ([::1]:61190 -> [::1]:5672): user 'guest' authenticated and granted access to vhost 'ManYiChong'
2023-04-25 14:08:43.666000+08:00 [info] <0.818.0> closing AMQP connection <0.818.0> ([::1]:61190 -> [::1]:5672, vhost: 'ManYiChong', user: 'guest')
2023-04-25 14:10:48.045000+08:00 [error] <0.535.0> Could not infer the number of file handles used: eacces
2023-04-25 14:18:12.133000+08:00 [info] <0.971.0> accepting AMQP connection <0.971.0> ([::1]:62488 -> [::1]:5672)
2023-04-25 14:18:12.164000+08:00 [info] <0.971.0> connection <0.971.0> ([::1]:62488 -> [::1]:5672): user 'guest' authenticated and granted access to vhost 'ManYiChong'
2023-04-25 14:20:49.107000+08:00 [error] <0.535.0> Could not infer the number of file handles used: {badmatch,
2023-04-25 14:20:49.107000+08:00 [error] <0.535.0>                                                   {error,{exit_status,1}}}
2023-04-25 14:21:16.457000+08:00 [notice] <0.227.0> Logging: configured log handlers are now ACTIVE
2023-04-25 14:21:38.726000+08:00 [notice] <0.227.0> Logging: configured log handlers are now ACTIVE
2023-04-25 14:21:42.650000+08:00 [info] <0.227.0> ra: starting system quorum_queues
2023-04-25 14:21:42.650000+08:00 [info] <0.227.0> starting Ra system: quorum_queues in directory: c:/Users/Administrator/AppData/Roaming/RabbitMQ/db/rabbit@ecs-1d22-mnesia/quorum/rabbit@ecs-1d22
2023-04-25 14:21:42.650000+08:00 [info] <0.293.0> ra system 'quorum_queues' running pre init for 0 registered servers
2023-04-25 14:21:42.650000+08:00 [info] <0.296.0> ra: meta data store initialised for system quorum_queues. 0 record(s) recovered
2023-04-25 14:21:42.650000+08:00 [notice] <0.309.0> WAL: ra_log_wal init, open tbls: ra_log_open_mem_tables, closed tbls: ra_log_closed_mem_tables
2023-04-25 14:21:42.682000+08:00 [info] <0.227.0> ra: starting system coordination
2023-04-25 14:21:42.682000+08:00 [info] <0.227.0> starting Ra system: coordination in directory: c:/Users/Administrator/AppData/Roaming/RabbitMQ/db/rabbit@ecs-1d22-mnesia/coordination/rabbit@ecs-1d22
2023-04-25 14:21:42.682000+08:00 [info] <0.357.0> ra system 'coordination' running pre init for 0 registered servers
2023-04-25 14:21:42.682000+08:00 [info] <0.358.0> ra: meta data store initialised for system coordination. 0 record(s) recovered
2023-04-25 14:21:42.682000+08:00 [notice] <0.363.0> WAL: ra_coordination_log_wal init, open tbls: ra_coordination_log_open_mem_tables, closed tbls: ra_coordination_log_closed_mem_tables
2023-04-25 14:21:42.712000+08:00 [info] <0.227.0> 
2023-04-25 14:21:42.712000+08:00 [info] <0.227.0>  Starting RabbitMQ 3.11.13 on Erlang 25.3 [jit]
2023-04-25 14:21:42.712000+08:00 [info] <0.227.0>  Copyright (c) 2007-2023 VMware, Inc. or its affiliates.
2023-04-25 14:21:42.712000+08:00 [info] <0.227.0>  Licensed under the MPL 2.0. Website: https://rabbitmq.com
2023-04-25 14:21:42.712000+08:00 [info] <0.227.0> 
2023-04-25 14:21:42.712000+08:00 [info] <0.227.0>  node           : rabbit@ecs-1d22
2023-04-25 14:21:42.712000+08:00 [info] <0.227.0>  home dir       : c:/Windows/system32/config/systemprofile
2023-04-25 14:21:42.712000+08:00 [info] <0.227.0>  config file(s) : c:/Users/Administrator/AppData/Roaming/RabbitMQ/advanced.config
2023-04-25 14:21:42.712000+08:00 [info] <0.227.0>  cookie hash    : +Swf7XDUkhwNYvEKwxxS6Q==
2023-04-25 14:21:42.712000+08:00 [info] <0.227.0>  log(s)         : <stdout>
2023-04-25 14:21:42.712000+08:00 [info] <0.227.0>                 : c:/Users/Administrator/AppData/Roaming/RabbitMQ/log/rabbit@ecs-1d22.log
2023-04-25 14:21:42.712000+08:00 [info] <0.227.0>                 : c:/Users/Administrator/AppData/Roaming/RabbitMQ/log/rabbit@ecs-1d22_upgrade.log
2023-04-25 14:21:42.712000+08:00 [info] <0.227.0>  database dir   : c:/Users/Administrator/AppData/Roaming/RabbitMQ/db/rabbit@ecs-1d22-mnesia
2023-04-25 14:21:43.374000+08:00 [info] <0.227.0> Running boot step pre_boot defined by app rabbit
2023-04-25 14:21:43.374000+08:00 [info] <0.227.0> Running boot step rabbit_global_counters defined by app rabbit
2023-04-25 14:21:43.374000+08:00 [info] <0.227.0> Running boot step rabbit_osiris_metrics defined by app rabbit
2023-04-25 14:21:43.374000+08:00 [info] <0.227.0> Running boot step rabbit_core_metrics defined by app rabbit
2023-04-25 14:21:43.374000+08:00 [info] <0.227.0> Running boot step rabbit_alarm defined by app rabbit
2023-04-25 14:21:43.406000+08:00 [info] <0.378.0> Memory high watermark set to 13106 MiB (13743523430 bytes) of 32767 MiB (34358808576 bytes) total
2023-04-25 14:21:43.406000+08:00 [info] <0.380.0> Enabling free disk space monitoring (disk free space: 6987198464, total memory: 34358808576)
2023-04-25 14:21:43.406000+08:00 [info] <0.380.0> Disk free limit set to 50MB
2023-04-25 14:21:43.406000+08:00 [info] <0.227.0> Running boot step code_server_cache defined by app rabbit
2023-04-25 14:21:43.406000+08:00 [info] <0.227.0> Running boot step file_handle_cache defined by app rabbit
2023-04-25 14:21:43.406000+08:00 [info] <0.383.0> Limiting to approx 65439 file handles (58893 sockets)
2023-04-25 14:21:43.406000+08:00 [info] <0.384.0> FHC read buffering: OFF
2023-04-25 14:21:43.406000+08:00 [info] <0.384.0> FHC write buffering: ON
2023-04-25 14:21:43.406000+08:00 [info] <0.227.0> Running boot step worker_pool defined by app rabbit
2023-04-25 14:21:43.406000+08:00 [info] <0.365.0> Will use 16 processes for default worker pool
2023-04-25 14:21:43.406000+08:00 [info] <0.365.0> Starting worker pool 'worker_pool' with 16 processes in it
2023-04-25 14:21:43.406000+08:00 [info] <0.227.0> Running boot step database defined by app rabbit
2023-04-25 14:21:43.406000+08:00 [info] <0.227.0> Waiting for Mnesia tables for 30000 ms, 9 retries left
2023-04-25 14:21:43.406000+08:00 [info] <0.227.0> Successfully synced tables from a peer
2023-04-25 14:21:43.421000+08:00 [info] <0.227.0> Waiting for Mnesia tables for 30000 ms, 9 retries left
2023-04-25 14:21:43.421000+08:00 [info] <0.227.0> Successfully synced tables from a peer
2023-04-25 14:21:43.421000+08:00 [info] <0.227.0> Peer discovery backend rabbit_peer_discovery_classic_config does not support registration, skipping registration.
2023-04-25 14:21:43.421000+08:00 [info] <0.227.0> Running boot step tracking_metadata_store defined by app rabbit
2023-04-25 14:21:43.421000+08:00 [info] <0.409.0> Setting up a table for connection tracking on this node: tracked_connection
2023-04-25 14:21:43.421000+08:00 [info] <0.409.0> Setting up a table for per-vhost connection counting on this node: tracked_connection_per_vhost
2023-04-25 14:21:43.421000+08:00 [info] <0.409.0> Setting up a table for per-user connection counting on this node: tracked_connection_per_user
2023-04-25 14:21:43.421000+08:00 [info] <0.409.0> Setting up a table for channel tracking on this node: tracked_channel
2023-04-25 14:21:43.421000+08:00 [info] <0.409.0> Setting up a table for channel tracking on this node: tracked_channel_per_user
2023-04-25 14:21:43.421000+08:00 [info] <0.227.0> Running boot step networking_metadata_store defined by app rabbit
2023-04-25 14:21:43.421000+08:00 [info] <0.227.0> Running boot step database_sync defined by app rabbit
2023-04-25 14:21:43.421000+08:00 [info] <0.227.0> Running boot step feature_flags defined by app rabbit
2023-04-25 14:21:43.421000+08:00 [info] <0.227.0> Running boot step codec_correctness_check defined by app rabbit
2023-04-25 14:21:43.421000+08:00 [info] <0.227.0> Running boot step external_infrastructure defined by app rabbit
2023-04-25 14:21:43.421000+08:00 [info] <0.227.0> Running boot step rabbit_event defined by app rabbit
2023-04-25 14:21:43.421000+08:00 [info] <0.227.0> Running boot step rabbit_delayed_message defined by app rabbitmq_delayed_message_exchange
2023-04-25 14:21:43.421000+08:00 [info] <0.227.0> Waiting for Mnesia tables for 30000 ms, 0 retries left
2023-04-25 14:21:43.421000+08:00 [info] <0.227.0> Successfully synced tables from a peer
2023-04-25 14:21:43.421000+08:00 [info] <0.227.0> Running boot step rabbit_registry defined by app rabbit
2023-04-25 14:21:43.421000+08:00 [info] <0.227.0> Running boot step rabbit_auth_mechanism_amqplain defined by app rabbit
2023-04-25 14:21:43.421000+08:00 [info] <0.227.0> Running boot step rabbit_auth_mechanism_cr_demo defined by app rabbit
2023-04-25 14:21:43.421000+08:00 [info] <0.227.0> Running boot step rabbit_auth_mechanism_plain defined by app rabbit
2023-04-25 14:21:43.421000+08:00 [info] <0.227.0> Running boot step rabbit_exchange_type_direct defined by app rabbit
2023-04-25 14:21:43.421000+08:00 [info] <0.227.0> Running boot step rabbit_exchange_type_fanout defined by app rabbit
2023-04-25 14:21:43.421000+08:00 [info] <0.227.0> Running boot step rabbit_exchange_type_headers defined by app rabbit
2023-04-25 14:21:43.421000+08:00 [info] <0.227.0> Running boot step rabbit_exchange_type_topic defined by app rabbit
2023-04-25 14:21:43.421000+08:00 [info] <0.227.0> Running boot step rabbit_mirror_queue_mode_all defined by app rabbit
2023-04-25 14:21:43.421000+08:00 [info] <0.227.0> Running boot step rabbit_mirror_queue_mode_exactly defined by app rabbit
2023-04-25 14:21:43.421000+08:00 [info] <0.227.0> Running boot step rabbit_mirror_queue_mode_nodes defined by app rabbit
2023-04-25 14:21:43.421000+08:00 [info] <0.227.0> Running boot step rabbit_priority_queue defined by app rabbit
2023-04-25 14:21:43.421000+08:00 [info] <0.227.0> Priority queues enabled, real BQ is rabbit_variable_queue
2023-04-25 14:21:43.421000+08:00 [info] <0.227.0> Running boot step rabbit_queue_location_client_local defined by app rabbit
2023-04-25 14:21:43.421000+08:00 [info] <0.227.0> Running boot step rabbit_queue_location_min_masters defined by app rabbit
2023-04-25 14:21:43.421000+08:00 [info] <0.227.0> Running boot step rabbit_queue_location_random defined by app rabbit
2023-04-25 14:21:43.421000+08:00 [info] <0.227.0> Running boot step kernel_ready defined by app rabbit
2023-04-25 14:21:43.421000+08:00 [info] <0.227.0> Running boot step rabbit_sysmon_minder defined by app rabbit
2023-04-25 14:21:43.421000+08:00 [info] <0.227.0> Running boot step rabbit_epmd_monitor defined by app rabbit
2023-04-25 14:21:43.421000+08:00 [info] <0.421.0> epmd monitor knows us, inter-node communication (distribution) port: 25672
2023-04-25 14:21:43.421000+08:00 [info] <0.227.0> Running boot step guid_generator defined by app rabbit
2023-04-25 14:21:43.437000+08:00 [info] <0.227.0> Running boot step rabbit_node_monitor defined by app rabbit
2023-04-25 14:21:43.437000+08:00 [info] <0.425.0> Starting rabbit_node_monitor
2023-04-25 14:21:43.437000+08:00 [info] <0.227.0> Running boot step delegate_sup defined by app rabbit
2023-04-25 14:21:43.437000+08:00 [info] <0.227.0> Running boot step rabbit_memory_monitor defined by app rabbit
2023-04-25 14:21:43.437000+08:00 [info] <0.227.0> Running boot step rabbit_fifo_dlx_sup defined by app rabbit
2023-04-25 14:21:43.437000+08:00 [info] <0.227.0> Running boot step core_initialized defined by app rabbit
2023-04-25 14:21:43.437000+08:00 [info] <0.227.0> Running boot step upgrade_queues defined by app rabbit
2023-04-25 14:21:43.437000+08:00 [info] <0.227.0> Running boot step channel_tracking defined by app rabbit
2023-04-25 14:21:43.437000+08:00 [info] <0.227.0> Running boot step rabbit_channel_tracking_handler defined by app rabbit
2023-04-25 14:21:43.437000+08:00 [info] <0.227.0> Running boot step connection_tracking defined by app rabbit
2023-04-25 14:21:43.437000+08:00 [info] <0.227.0> Running boot step rabbit_connection_tracking_handler defined by app rabbit
2023-04-25 14:21:43.437000+08:00 [info] <0.227.0> Running boot step rabbit_definitions_hashing defined by app rabbit
2023-04-25 14:21:43.437000+08:00 [info] <0.227.0> Running boot step rabbit_exchange_parameters defined by app rabbit
2023-04-25 14:21:43.437000+08:00 [info] <0.227.0> Running boot step rabbit_mirror_queue_misc defined by app rabbit
2023-04-25 14:21:43.437000+08:00 [info] <0.227.0> Running boot step rabbit_policies defined by app rabbit
2023-04-25 14:21:43.437000+08:00 [info] <0.227.0> Running boot step rabbit_policy defined by app rabbit
2023-04-25 14:21:43.437000+08:00 [info] <0.227.0> Running boot step rabbit_queue_location_validator defined by app rabbit
2023-04-25 14:21:43.437000+08:00 [info] <0.227.0> Running boot step rabbit_quorum_memory_manager defined by app rabbit
2023-04-25 14:21:43.437000+08:00 [info] <0.227.0> Running boot step rabbit_stream_coordinator defined by app rabbit
2023-04-25 14:21:43.437000+08:00 [info] <0.227.0> Running boot step rabbit_vhost_limit defined by app rabbit
2023-04-25 14:21:43.453000+08:00 [info] <0.227.0> Running boot step rabbit_delayed_message_supervisor defined by app rabbitmq_delayed_message_exchange
2023-04-25 14:21:43.453000+08:00 [info] <0.227.0> Running boot step rabbit_exchange_type_delayed_message defined by app rabbitmq_delayed_message_exchange
2023-04-25 14:21:43.453000+08:00 [info] <0.227.0> Running boot step rabbit_mgmt_reset_handler defined by app rabbitmq_management
2023-04-25 14:21:43.453000+08:00 [info] <0.227.0> Running boot step rabbit_mgmt_db_handler defined by app rabbitmq_management_agent
2023-04-25 14:21:43.453000+08:00 [info] <0.227.0> Management plugin: using rates mode 'basic'
2023-04-25 14:21:43.453000+08:00 [info] <0.227.0> Running boot step recovery defined by app rabbit
2023-04-25 14:21:43.453000+08:00 [info] <0.461.0> Making sure data directory 'c:/Users/Administrator/AppData/Roaming/RabbitMQ/db/rabbit@ecs-1d22-mnesia/msg_stores/vhosts/AFUGTMSOWE2T0GDXL2ACC26UI' for vhost 'ManYiChong' exists
2023-04-25 14:21:43.453000+08:00 [info] <0.461.0> Starting message stores for vhost 'ManYiChong'
2023-04-25 14:21:43.453000+08:00 [info] <0.466.0> Message store "AFUGTMSOWE2T0GDXL2ACC26UI/msg_store_transient": using rabbit_msg_store_ets_index to provide index
2023-04-25 14:21:43.453000+08:00 [info] <0.461.0> Started message store of type transient for vhost 'ManYiChong'
2023-04-25 14:21:43.453000+08:00 [info] <0.470.0> Message store "AFUGTMSOWE2T0GDXL2ACC26UI/msg_store_persistent": using rabbit_msg_store_ets_index to provide index
2023-04-25 14:21:43.453000+08:00 [warning] <0.470.0> Message store "AFUGTMSOWE2T0GDXL2ACC26UI/msg_store_persistent": rebuilding indices from scratch
2023-04-25 14:21:43.453000+08:00 [info] <0.461.0> Started message store of type persistent for vhost 'ManYiChong'
2023-04-25 14:21:43.468000+08:00 [info] <0.461.0> Recovering 2 queues of type rabbit_classic_queue took 16ms
2023-04-25 14:21:43.468000+08:00 [info] <0.461.0> Recovering 0 queues of type rabbit_quorum_queue took 0ms
2023-04-25 14:21:43.468000+08:00 [info] <0.461.0> Recovering 0 queues of type rabbit_stream_queue took 0ms
2023-04-25 14:21:43.468000+08:00 [info] <0.509.0> Making sure data directory 'c:/Users/Administrator/AppData/Roaming/RabbitMQ/db/rabbit@ecs-1d22-mnesia/msg_stores/vhosts/628WB79CIFDYO9LJI6DKMI09L' for vhost '/' exists
2023-04-25 14:21:43.468000+08:00 [info] <0.509.0> Starting message stores for vhost '/'
2023-04-25 14:21:43.468000+08:00 [info] <0.513.0> Message store "628WB79CIFDYO9LJI6DKMI09L/msg_store_transient": using rabbit_msg_store_ets_index to provide index
2023-04-25 14:21:43.468000+08:00 [info] <0.509.0> Started message store of type transient for vhost '/'
2023-04-25 14:21:43.468000+08:00 [info] <0.517.0> Message store "628WB79CIFDYO9LJI6DKMI09L/msg_store_persistent": using rabbit_msg_store_ets_index to provide index
2023-04-25 14:21:43.468000+08:00 [warning] <0.517.0> Message store "628WB79CIFDYO9LJI6DKMI09L/msg_store_persistent": rebuilding indices from scratch
2023-04-25 14:21:43.468000+08:00 [info] <0.509.0> Started message store of type persistent for vhost '/'
2023-04-25 14:21:43.468000+08:00 [info] <0.509.0> Recovering 0 queues of type rabbit_classic_queue took 6ms
2023-04-25 14:21:43.468000+08:00 [info] <0.509.0> Recovering 0 queues of type rabbit_quorum_queue took 0ms
2023-04-25 14:21:43.468000+08:00 [info] <0.509.0> Recovering 0 queues of type rabbit_stream_queue took 0ms
2023-04-25 14:21:43.483000+08:00 [info] <0.227.0> Running boot step empty_db_check defined by app rabbit
2023-04-25 14:21:43.483000+08:00 [info] <0.227.0> Will not seed default virtual host and user: have definitions to load...
2023-04-25 14:21:43.483000+08:00 [info] <0.227.0> Running boot step rabbit_observer_cli defined by app rabbit
2023-04-25 14:21:43.483000+08:00 [info] <0.227.0> Running boot step rabbit_looking_glass defined by app rabbit
2023-04-25 14:21:43.483000+08:00 [info] <0.227.0> Running boot step rabbit_core_metrics_gc defined by app rabbit
2023-04-25 14:21:43.483000+08:00 [info] <0.227.0> Running boot step background_gc defined by app rabbit
2023-04-25 14:21:43.483000+08:00 [info] <0.227.0> Running boot step routing_ready defined by app rabbit
2023-04-25 14:21:43.483000+08:00 [info] <0.227.0> Running boot step pre_flight defined by app rabbit
2023-04-25 14:21:43.483000+08:00 [info] <0.227.0> Running boot step notify_cluster defined by app rabbit
2023-04-25 14:21:43.483000+08:00 [info] <0.227.0> Running boot step networking defined by app rabbit
2023-04-25 14:21:43.483000+08:00 [info] <0.227.0> Running boot step definition_import_worker_pool defined by app rabbit
2023-04-25 14:21:43.483000+08:00 [info] <0.365.0> Starting worker pool 'definition_import_pool' with 16 processes in it
2023-04-25 14:21:43.483000+08:00 [info] <0.227.0> Running boot step cluster_name defined by app rabbit
2023-04-25 14:21:43.483000+08:00 [info] <0.227.0> Running boot step direct_client defined by app rabbit
2023-04-25 14:21:43.483000+08:00 [info] <0.227.0> Running boot step rabbit_maintenance_mode_state defined by app rabbit
2023-04-25 14:21:43.483000+08:00 [info] <0.227.0> Creating table rabbit_node_maintenance_states for maintenance mode status
2023-04-25 14:21:43.483000+08:00 [info] <0.227.0> Running boot step rabbit_management_load_definitions defined by app rabbitmq_management
2023-04-25 14:21:43.483000+08:00 [info] <0.567.0> Resetting node maintenance status
2023-04-25 14:21:43.499000+08:00 [error] <0.574.0> Could not infer the number of file handles used: {badmatch,
2023-04-25 14:21:43.499000+08:00 [error] <0.574.0>                                                   {error,{exit_status,1}}}
2023-04-25 14:21:43.609000+08:00 [info] <0.626.0> Management plugin: HTTP (non-TLS) listener started on port 15672
2023-04-25 14:21:43.609000+08:00 [info] <0.654.0> Statistics database started.
2023-04-25 14:21:43.609000+08:00 [info] <0.653.0> Starting worker pool 'management_worker_pool' with 3 processes in it
2023-04-25 14:21:43.609000+08:00 [info] <0.567.0> Ready to start client connection listeners
2023-04-25 14:21:43.609000+08:00 [info] <0.682.0> started TCP listener on [::]:5672
2023-04-25 14:21:43.625000+08:00 [info] <0.700.0> started TCP listener on 0.0.0.0:5672
2023-04-25 14:21:43.838000+08:00 [info] <0.567.0> Server startup complete; 4 plugins started.
2023-04-25 14:21:43.838000+08:00 [info] <0.567.0>  * rabbitmq_delayed_message_exchange
2023-04-25 14:21:43.838000+08:00 [info] <0.567.0>  * rabbitmq_management
2023-04-25 14:21:43.838000+08:00 [info] <0.567.0>  * rabbitmq_web_dispatch
2023-04-25 14:21:43.838000+08:00 [info] <0.567.0>  * rabbitmq_management_agent
2023-04-25 14:21:45.881000+08:00 [info] <0.703.0> accepting AMQP connection <0.703.0> ([::1]:62791 -> [::1]:5672)
2023-04-25 14:21:45.881000+08:00 [info] <0.703.0> connection <0.703.0> ([::1]:62791 -> [::1]:5672): user 'guest' authenticated and granted access to vhost 'ManYiChong'
2023-04-25 14:25:14.663000+08:00 [notice] <0.227.0> Logging: configured log handlers are now ACTIVE
